{"level":"info","time":"2025-10-02T13:19:42.444Z","pid":94709,"hostname":"MBA.local","context":"RoutesResolver","msg":"AppController {/api}:"}
{"level":"info","time":"2025-10-02T13:19:42.445Z","pid":94709,"hostname":"MBA.local","context":"RouterExplorer","msg":"Mapped {/api, GET} route"}
{"level":"info","time":"2025-10-02T13:19:42.446Z","pid":94709,"hostname":"MBA.local","context":"RouterExplorer","msg":"Mapped {/api/species, GET} route"}
{"level":"info","time":"2025-10-02T13:19:42.446Z","pid":94709,"hostname":"MBA.local","context":"RoutesResolver","msg":"AuthController {/api/auth}:"}
{"level":"info","time":"2025-10-02T13:19:42.446Z","pid":94709,"hostname":"MBA.local","context":"RouterExplorer","msg":"Mapped {/api/auth/register, POST} route"}
{"level":"info","time":"2025-10-02T13:19:42.446Z","pid":94709,"hostname":"MBA.local","context":"RouterExplorer","msg":"Mapped {/api/auth/login, POST} route"}
{"level":"info","time":"2025-10-02T13:19:42.446Z","pid":94709,"hostname":"MBA.local","context":"RouterExplorer","msg":"Mapped {/api/auth/callback, POST} route"}
{"level":"info","time":"2025-10-02T13:19:42.446Z","pid":94709,"hostname":"MBA.local","context":"RouterExplorer","msg":"Mapped {/api/auth/me, GET} route"}
{"level":"info","time":"2025-10-02T13:19:42.446Z","pid":94709,"hostname":"MBA.local","context":"RouterExplorer","msg":"Mapped {/api/auth/logout, POST} route"}
{"level":"info","time":"2025-10-02T13:19:42.447Z","pid":94709,"hostname":"MBA.local","context":"NestApplication","msg":"Nest application successfully started"}
{"level":"info","time":"2025-10-02T13:19:42.448Z","pid":94709,"hostname":"MBA.local","msg":"🚀 Application is running on: http://localhost:3000/api"}
{"level":"info","time":"2025-10-02T13:24:16.554Z","pid":96922,"hostname":"MBA.local","context":"RoutesResolver","msg":"AppController {/api}:"}
{"level":"info","time":"2025-10-02T13:24:16.556Z","pid":96922,"hostname":"MBA.local","context":"RouterExplorer","msg":"Mapped {/api, GET} route"}
{"level":"info","time":"2025-10-02T13:24:16.557Z","pid":96922,"hostname":"MBA.local","context":"RouterExplorer","msg":"Mapped {/api/species, GET} route"}
{"level":"info","time":"2025-10-02T13:24:16.557Z","pid":96922,"hostname":"MBA.local","context":"RoutesResolver","msg":"AuthController {/api/auth}:"}
{"level":"info","time":"2025-10-02T13:24:16.557Z","pid":96922,"hostname":"MBA.local","context":"RouterExplorer","msg":"Mapped {/api/auth/register, POST} route"}
{"level":"info","time":"2025-10-02T13:24:16.557Z","pid":96922,"hostname":"MBA.local","context":"RouterExplorer","msg":"Mapped {/api/auth/login, POST} route"}
{"level":"info","time":"2025-10-02T13:24:16.558Z","pid":96922,"hostname":"MBA.local","context":"RouterExplorer","msg":"Mapped {/api/auth/callback, POST} route"}
{"level":"info","time":"2025-10-02T13:24:16.558Z","pid":96922,"hostname":"MBA.local","context":"RouterExplorer","msg":"Mapped {/api/auth/me, GET} route"}
{"level":"info","time":"2025-10-02T13:24:16.558Z","pid":96922,"hostname":"MBA.local","context":"RouterExplorer","msg":"Mapped {/api/auth/logout, POST} route"}
{"level":"info","time":"2025-10-02T13:24:16.560Z","pid":96922,"hostname":"MBA.local","context":"NestApplication","msg":"Nest application successfully started"}
{"level":"info","time":"2025-10-02T13:24:16.561Z","pid":96922,"hostname":"MBA.local","msg":"🚀 Application is running on: http://localhost:3000/api"}
